c:\users\rudy\source\repos\zmpolive2\zmpolive2\debug\zmpolive2.pch
c:\users\rudy\source\repos\zmpolive2\zmpolive2\debug\vc141.pdb
c:\users\rudy\source\repos\zmpolive2\zmpolive2\debug\vc141.idb
c:\users\rudy\source\repos\zmpolive2\zmpolive2\debug\stdafx.obj
c:\users\rudy\source\repos\zmpolive2\zmpolive2\debug\emptystackexception.obj
c:\users\rudy\source\repos\zmpolive2\zmpolive2\debug\fullstackexception.obj
c:\users\rudy\source\repos\zmpolive2\zmpolive2\debug\stack.obj
c:\users\rudy\source\repos\zmpolive2\zmpolive2\debug\student.obj
c:\users\rudy\source\repos\zmpolive2\zmpolive2\debug\zmpolive2.obj
c:\users\rudy\source\repos\zmpolive2\debug\zmpolive2.pdb
c:\users\rudy\source\repos\zmpolive2\zmpolive2\debug\zmpolive2.tlog\cl.command.1.tlog
c:\users\rudy\source\repos\zmpolive2\zmpolive2\debug\zmpolive2.tlog\cl.read.1.tlog
c:\users\rudy\source\repos\zmpolive2\zmpolive2\debug\zmpolive2.tlog\cl.write.1.tlog
c:\users\rudy\source\repos\zmpolive2\zmpolive2\debug\zmpolive2.tlog\link-cvtres.read.1.tlog
c:\users\rudy\source\repos\zmpolive2\zmpolive2\debug\zmpolive2.tlog\link-cvtres.write.1.tlog
c:\users\rudy\source\repos\zmpolive2\zmpolive2\debug\zmpolive2.tlog\link-rc.read.1.tlog
c:\users\rudy\source\repos\zmpolive2\zmpolive2\debug\zmpolive2.tlog\link-rc.write.1.tlog
c:\users\rudy\source\repos\zmpolive2\zmpolive2\debug\zmpolive2.tlog\link.command.1.tlog
c:\users\rudy\source\repos\zmpolive2\zmpolive2\debug\zmpolive2.tlog\link.read.1.tlog
c:\users\rudy\source\repos\zmpolive2\zmpolive2\debug\zmpolive2.tlog\link.write.1.tlog
